<?xml version="1.0" encoding="UTF-8"?>
<testsuite xmlns:xsi="http://www.w3.org/2001/XMLSchema-instance" xsi:noNamespaceSchemaLocation="https://maven.apache.org/surefire/maven-surefire-plugin/xsd/surefire-test-report-3.0.xsd" version="3.0" name="org.example.testRunner.TestRunners" time="219.647" tests="22" errors="0" skipped="0" failures="1">
  <properties>
[...]
</properties>
  <testcase name="runScenario" classname="org.example.testRunner.TestRunners" time="11.617"/>
  <testcase name="runScenario" classname="org.example.testRunner.TestRunners" time="12.956"/>
  <testcase name="runScenario" classname="org.example.testRunner.TestRunners" time="12.55"/>
  <testcase name="runScenario" classname="org.example.testRunner.TestRunners" time="10.487"/>
  <testcase name="runScenario" classname="org.example.testRunner.TestRunners" time="7.585"/>
  <testcase name="runScenario" classname="org.example.testRunner.TestRunners" time="8.154"/>
  <testcase name="runScenario" classname="org.example.testRunner.TestRunners" time="7.103"/>
  <testcase name="runScenario" classname="org.example.testRunner.TestRunners" time="9.829"/>
  <testcase name="runScenario" classname="org.example.testRunner.TestRunners" time="10.141"/>
  <testcase name="runScenario" classname="org.example.testRunner.TestRunners" time="9.764"/>
  <testcase name="runScenario" classname="org.example.testRunner.TestRunners" time="7.279"/>
  <testcase name="runScenario" classname="org.example.testRunner.TestRunners" time="7.638"/>
  <testcase name="runScenario" classname="org.example.testRunner.TestRunners" time="7.102">
    <failure message="The following asserts failed:&#10;	expected [true] but found [false],&#10;	expected [true] but found [false],&#10;	expected [true] but found [false],&#10;	expected [true] but found [false],&#10;	expected [true] but found [false],&#10;	expected [true] but found [false]" type="java.lang.AssertionError"><![CDATA[java.lang.AssertionError: 
The following asserts failed:
	expected [true] but found [false],
	expected [true] but found [false],
	expected [true] but found [false],
	expected [true] but found [false],
	expected [true] but found [false],
	expected [true] but found [false]
]]></failure>
    <system-out><![CDATA[[[ChromeDriver: chrome on WINDOWS (a4106624e9d42fb30973e5c4245342a4)] -> css selector: body > div:nth-child(6) > div:nth-child(2) > ul:nth-child(1) > li:nth-child(2) > ul:nth-child(3) > li:nth-child(1) > a:nth-child(1)]
Position
Name: A to Z
Name: Z to A
Price: Low to High
Price: High to Low
Created on
]]></system-out>
    <system-err><![CDATA[Starting ChromeDriver 108.0.5359.71 (1e0e3868ee06e91ad636a874420e3ca3ae3756ac-refs/branch-heads/5359@{#1016}) on port 53380
Only local connections are allowed.
Please see https://chromedriver.chromium.org/security-considerations for suggestions on keeping ChromeDriver safe.
ChromeDriver was started successfully.
Dec 10, 2022 1:59:38 AM org.openqa.selenium.remote.ProtocolHandshake createSession
INFO: Detected dialect: W3C
Dec 10, 2022 1:59:38 AM org.openqa.selenium.devtools.CdpVersionFinder findNearestMatch
WARNING: Unable to find an exact match for CDP version 108, so returning the closest version found: a no-op implementation
Dec 10, 2022 1:59:38 AM org.openqa.selenium.devtools.CdpVersionFinder findNearestMatch
INFO: Unable to find CDP implementation matching 108.
Dec 10, 2022 1:59:38 AM org.openqa.selenium.chromium.ChromiumDriver lambda$new$3
WARNING: Unable to find version of CDP to use for . You may need to include a dependency on a specific version of the CDP using something similar to `org.seleniumhq.selenium:selenium-devtools-v86:4.1.4` where the version ("v86") matches the version of the chromium-based browser you're using and the version number of the artifact is the same as Selenium's.
]]></system-err>
  </testcase>
  <testcase name="runScenario" classname="org.example.testRunner.TestRunners" time="7.911"/>
  <testcase name="runScenario" classname="org.example.testRunner.TestRunners" time="8.333"/>
  <testcase name="runScenario" classname="org.example.testRunner.TestRunners" time="7.773"/>
  <testcase name="runScenario" classname="org.example.testRunner.TestRunners" time="9.473"/>
  <testcase name="runScenario" classname="org.example.testRunner.TestRunners" time="9.517"/>
  <testcase name="runScenario" classname="org.example.testRunner.TestRunners" time="9.65"/>
  <testcase name="runScenario" classname="org.example.testRunner.TestRunners" time="9.906"/>
  <testcase name="runScenario" classname="org.example.testRunner.TestRunners" time="11.539"/>
  <testcase name="runScenario" classname="org.example.testRunner.TestRunners" time="22.43"/>
</testsuite>